[1709797183.767][INFO]: Starting ChromeDriver 122.0.6261.94 (880dbf29479c6152d5e4f08dfd3a96b30f919e56-refs/branch-heads/6261@{#960}) on port 31258
[1709797183.767][INFO]: Please see https://chromedriver.chromium.org/security-considerations for suggestions on keeping ChromeDriver safe.
[1709797184.057][INFO]: [6ff039f9261bb6714f7c6da37bb56f2c] COMMAND InitSession {
   "capabilities": {
      "firstMatch": [ {
         "browserName": "chrome",
         "goog:chromeOptions": {
            "args": [  ],
            "extensions": [  ]
         },
         "goog:loggingPrefs": {
            "browser": "ALL",
            "driver": "ALL"
         }
      } ]
   }
}
[1709797184.057][INFO]: Browser search. Trying... C:\Users\Saisandhiya\.cache\selenium\chromedriver\win64\122.0.6261.94\chrome.exe
[1709797184.057][INFO]: Browser search. Trying... C:\Users\Saisandhiya\.cache\selenium\chromedriver\win64\122.0.6261.94\chrome.exe
[1709797184.057][INFO]: Browser search. Trying... C:\Users\Saisandhiya\.cache\selenium\chromedriver\win64\122.0.6261.94\chromium.exe
[1709797184.062][INFO]: Browser search. Trying... C:\Users\Saisandhiya\AppData\Local\Google\Chrome\Application\chrome.exe
[1709797184.062][INFO]: Browser search. Trying... C:\Program Files\Google\Chrome\Application\chrome.exe
[1709797184.062][INFO]: Browser search. Found at  C:\Program Files\Google\Chrome\Application\chrome.exe
[1709797184.063][INFO]: Populating Preferences file: {
   "alternate_error_pages": {
      "enabled": false
   },
   "autofill": {
      "enabled": false
   },
   "browser": {
      "check_default_browser": false
   },
   "distribution": {
      "import_bookmarks": false,
      "import_history": false,
      "import_search_engine": false,
      "make_chrome_default_for_user": false,
      "skip_first_run_ui": true
   },
   "dns_prefetching": {
      "enabled": false
   },
   "profile": {
      "content_settings": {
         "pattern_pairs": {
            "https://*,*": {
               "media-stream": {
                  "audio": "Default",
                  "video": "Default"
               }
            }
         }
      },
      "default_content_setting_values": {
         "geolocation": 1
      },
      "default_content_settings": {
         "geolocation": 1,
         "mouselock": 1,
         "notifications": 1,
         "popups": 1,
         "ppapi-broker": 1
      },
      "password_manager_enabled": false
   },
   "safebrowsing": {
      "enabled": false
   },
   "search": {
      "suggest_enabled": false
   },
   "translate": {
      "enabled": false
   }
}
[1709797184.064][INFO]: Populating Local State file: {
   "background_mode": {
      "enabled": false
   },
   "ssl": {
      "rev_checking": {
         "enabled": false
      }
   }
}
[1709797184.065][INFO]: ChromeDriver supports communication with Chrome via pipes. This is more reliable and more secure.
[1709797184.065][INFO]: Use the --remote-debugging-pipe Chrome switch instead of the default --remote-debugging-port to enable this communication mode.
[1709797184.067][INFO]: Launching chrome: "C:\Program Files\Google\Chrome\Application\chrome.exe" --allow-pre-commit-input --disable-background-networking --disable-backgrounding-occluded-windows --disable-client-side-phishing-detection --disable-default-apps --disable-hang-monitor --disable-popup-blocking --disable-prompt-on-repost --disable-sync --enable-automation --enable-logging --log-level=0 --no-first-run --no-service-autorun --password-store=basic --remote-debugging-port=0 --test-type=webdriver --use-mock-keychain --user-data-dir="C:\Users\SAISAN~1\AppData\Local\Temp\scoped_dir15088_1636634762" data:,
[1709797184.841][INFO]: resolved localhost to ["::1","127.0.0.1"]
[1709797184.856][INFO]: [6ff039f9261bb6714f7c6da37bb56f2c] RESPONSE InitSession {
   "capabilities": {
      "acceptInsecureCerts": false,
      "browserName": "chrome",
      "browserVersion": "122.0.6261.95",
      "chrome": {
         "chromedriverVersion": "122.0.6261.94 (880dbf29479c6152d5e4f08dfd3a96b30f919e56-refs/branch-heads/6261@{#960})",
         "userDataDir": "C:\\Users\\SAISAN~1\\AppData\\Local\\Temp\\scoped_dir15088_1636634762"
      },
      "fedcm:accounts": true,
      "goog:chromeOptions": {
         "debuggerAddress": "localhost:64915"
      },
      "networkConnectionEnabled": false,
      "pageLoadStrategy": "normal",
      "platformName": "windows",
      "proxy": {
      },
      "setWindowRect": true,
      "strictFileInteractability": false,
      "timeouts": {
         "implicit": 0,
         "pageLoad": 300000,
         "script": 30000
      },
      "unhandledPromptBehavior": "dismiss and notify",
      "webauthn:extension:credBlob": true,
      "webauthn:extension:largeBlob": true,
      "webauthn:extension:minPinLength": true,
      "webauthn:extension:prf": true,
      "webauthn:virtualAuthenticators": true
   },
   "sessionId": "6ff039f9261bb6714f7c6da37bb56f2c"
}
[1709797185.117][INFO]: [6ff039f9261bb6714f7c6da37bb56f2c] COMMAND MaximizeWindow {
}
[1709797185.117][INFO]: Waiting for pending navigations...
[1709797185.121][INFO]: Done waiting for pending navigations. Status: ok
[1709797185.241][INFO]: Waiting for pending navigations...
[1709797185.241][INFO]: Done waiting for pending navigations. Status: ok
[1709797185.241][INFO]: [6ff039f9261bb6714f7c6da37bb56f2c] RESPONSE MaximizeWindow {
   "height": 832,
   "width": 1552,
   "x": -8,
   "y": -8
}
[1709797185.251][INFO]: [6ff039f9261bb6714f7c6da37bb56f2c] COMMAND SetTimeouts {
   "implicit": 30000
}
[1709797185.251][INFO]: [6ff039f9261bb6714f7c6da37bb56f2c] RESPONSE SetTimeouts
[1709797185.255][INFO]: [6ff039f9261bb6714f7c6da37bb56f2c] COMMAND Navigate {
   "url": "https://www.google.com"
}
[1709797185.256][INFO]: Waiting for pending navigations...
[1709797185.256][INFO]: Done waiting for pending navigations. Status: ok
[1709797185.577][INFO]: Waiting for pending navigations...
[1709797186.642][INFO]: Done waiting for pending navigations. Status: ok
[1709797186.642][INFO]: [6ff039f9261bb6714f7c6da37bb56f2c] RESPONSE Navigate
[1709797186.648][INFO]: [6ff039f9261bb6714f7c6da37bb56f2c] COMMAND GetUrl {
}
[1709797186.648][INFO]: Waiting for pending navigations...
[1709797186.649][INFO]: Done waiting for pending navigations. Status: ok
[1709797186.659][INFO]: Waiting for pending navigations...
[1709797186.660][INFO]: Done waiting for pending navigations. Status: ok
[1709797186.660][INFO]: [6ff039f9261bb6714f7c6da37bb56f2c] RESPONSE GetUrl "https://www.google.com/"
[1709797186.665][INFO]: [6ff039f9261bb6714f7c6da37bb56f2c] COMMAND FindElement {
   "using": "xpath",
   "value": "//textarea[@aria-label='Search']"
}
[1709797186.665][INFO]: Waiting for pending navigations...
[1709797186.666][INFO]: Done waiting for pending navigations. Status: ok
[1709797186.690][INFO]: Waiting for pending navigations...
[1709797186.691][INFO]: Done waiting for pending navigations. Status: ok
[1709797186.691][INFO]: [6ff039f9261bb6714f7c6da37bb56f2c] RESPONSE FindElement {
   "element-6066-11e4-a52e-4f735466cecf": "f.48B352FE6DD2D7F1755F6A79FD51526E.d.B093867702FE8749F715B00A5F7C75E5.e.2"
}
[1709797186.700][INFO]: [6ff039f9261bb6714f7c6da37bb56f2c] COMMAND TypeElement {
   "id": "f.48B352FE6DD2D7F1755F6A79FD51526E.d.B093867702FE8749F715B00A5F7C75E5.e.2",
   "text": "calculator",
   "value": [ "c", "a", "l", "c", "u", "l", "a", "t", "o", "r" ]
}
[1709797186.700][INFO]: Waiting for pending navigations...
[1709797186.701][INFO]: Done waiting for pending navigations. Status: ok
[1709797186.793][INFO]: Waiting for pending navigations...
[1709797186.795][INFO]: Done waiting for pending navigations. Status: ok
[1709797186.795][INFO]: [6ff039f9261bb6714f7c6da37bb56f2c] RESPONSE TypeElement
[1709797186.801][INFO]: [6ff039f9261bb6714f7c6da37bb56f2c] COMMAND ExecuteScript {
   "args": [ {
      "element-6066-11e4-a52e-4f735466cecf": "f.48B352FE6DD2D7F1755F6A79FD51526E.d.B093867702FE8749F715B00A5F7C75E5.e.2"
   } ],
   "script": "/* submitForm */var form = arguments[0];\nwhile (form.nodeName != \"FORM\" && form.parentNode) {\n  form = form.parentNode;\n}\nif (!form) { throw Error('Unable to find containing form element'); }\nif (!form.ownerDocument) { throw Error('Unable to find owning document'); }\nvar e = form.ownerDocument.createEvent('Event');\ne.initEvent('submit', true, true);\nif (form.dispatchEvent(e)) { HTMLFormElement.prototype.submit.call(form) }\n"
}
[1709797186.801][INFO]: Waiting for pending navigations...
[1709797186.802][INFO]: Done waiting for pending navigations. Status: ok
[1709797186.809][INFO]: Waiting for pending navigations...
[1709797187.017][INFO]: Done waiting for pending navigations. Status: ok
[1709797187.017][INFO]: [6ff039f9261bb6714f7c6da37bb56f2c] RESPONSE ExecuteScript null
[1709797187.022][INFO]: [6ff039f9261bb6714f7c6da37bb56f2c] COMMAND FindElement {
   "using": "xpath",
   "value": "//div[@jsname='DjP6yd']/div"
}
[1709797187.022][INFO]: Waiting for pending navigations...
[1709797187.022][INFO]: Done waiting for pending navigations. Status: ok
[1709797187.204][INFO]: Waiting for pending navigations...
[1709797187.655][INFO]: Done waiting for pending navigations. Status: ok
[1709797187.655][INFO]: [6ff039f9261bb6714f7c6da37bb56f2c] RESPONSE FindElement {
   "element-6066-11e4-a52e-4f735466cecf": "f.48B352FE6DD2D7F1755F6A79FD51526E.d.078F9CB6B41267EC9942715DAAC3FD70.e.26"
}
[1709797187.659][INFO]: [6ff039f9261bb6714f7c6da37bb56f2c] COMMAND GetElementText {
   "id": "f.48B352FE6DD2D7F1755F6A79FD51526E.d.078F9CB6B41267EC9942715DAAC3FD70.e.26"
}
[1709797187.659][INFO]: Waiting for pending navigations...
[1709797187.660][INFO]: Done waiting for pending navigations. Status: ok
[1709797187.686][INFO]: Waiting for pending navigations...
[1709797187.686][INFO]: Done waiting for pending navigations. Status: ok
[1709797187.686][INFO]: [6ff039f9261bb6714f7c6da37bb56f2c] RESPONSE GetElementText "0"
[1709797187.690][INFO]: [6ff039f9261bb6714f7c6da37bb56f2c] COMMAND CloseWindow {
}
[1709797187.951][INFO]: [6ff039f9261bb6714f7c6da37bb56f2c] RESPONSE CloseWindow [  ]
